ARM GAS  C:\Users\Oleg\AppData\Local\Temp\ccNvsPlJ.s 			page 1


   1              		.cpu cortex-m3
   2              		.arch armv7-m
   3              		.fpu softvfp
   4              		.eabi_attribute 20, 1
   5              		.eabi_attribute 21, 1
   6              		.eabi_attribute 23, 3
   7              		.eabi_attribute 24, 1
   8              		.eabi_attribute 25, 1
   9              		.eabi_attribute 26, 1
  10              		.eabi_attribute 30, 6
  11              		.eabi_attribute 34, 1
  12              		.eabi_attribute 18, 4
  13              		.file	"main.c"
  14              		.text
  15              	.Ltext0:
  16              		.cfi_sections	.debug_frame
  17              		.section	.rodata
  18              		.align	2
  19              	.LC0:
  20 0000 D09FD180 		.ascii	"\320\237\321\200\320\270\320\262\320\265\321\202 \320"
  20      D0B8D0B2 
  20      D0B5D182 
  20      20D0
  21 000e 9CD0B8D1 		.ascii	"\234\320\270\321\200!\000"
  21      802100
  22              		.section	.text.main,"ax",%progbits
  23              		.align	1
  24              		.global	main
  25              		.syntax unified
  26              		.thumb
  27              		.thumb_func
  29              	main:
  30              	.LFB68:
  31              		.file 1 "Core/Src/main.c"
   1:Core/Src/main.c **** #include "main.h"
   2:Core/Src/main.c **** #include "stm32f103xx_CMSIS.h"
   3:Core/Src/main.c **** #include "MonoGFX.h"
   4:Core/Src/main.c **** #include <stdio.h>
   5:Core/Src/main.c **** #include <string.h>
   6:Core/Src/main.c **** 
   7:Core/Src/main.c **** extern char MonoGFX_tx_buffer[128];  // Буфер для отправки текста на дис
   8:Core/Src/main.c **** 
   9:Core/Src/main.c **** int main(void) {
  32              		.loc 1 9 16
  33              		.cfi_startproc
  34              		@ args = 0, pretend = 0, frame = 0
  35              		@ frame_needed = 1, uses_anonymous_args = 0
  36 0000 80B5     		push	{r7, lr}
  37              		.cfi_def_cfa_offset 8
  38              		.cfi_offset 7, -8
  39              		.cfi_offset 14, -4
  40 0002 82B0     		sub	sp, sp, #8
  41              		.cfi_def_cfa_offset 16
  42 0004 02AF     		add	r7, sp, #8
  43              		.cfi_def_cfa 7, 8
  10:Core/Src/main.c ****     CMSIS_Debug_init();
  44              		.loc 1 10 5
ARM GAS  C:\Users\Oleg\AppData\Local\Temp\ccNvsPlJ.s 			page 2


  45 0006 FFF7FEFF 		bl	CMSIS_Debug_init
  11:Core/Src/main.c ****     CMSIS_RCC_SystemClock_72MHz();
  46              		.loc 1 11 5
  47 000a FFF7FEFF 		bl	CMSIS_RCC_SystemClock_72MHz
  12:Core/Src/main.c ****     CMSIS_SysTick_Timer_init();
  48              		.loc 1 12 5
  49 000e FFF7FEFF 		bl	CMSIS_SysTick_Timer_init
  13:Core/Src/main.c ****     CMSIS_SPI1_init();
  50              		.loc 1 13 5
  51 0012 FFF7FEFF 		bl	CMSIS_SPI1_init
  14:Core/Src/main.c ****     CMSIS_GPIO_init(GPIOA, 2, GPIO_GENERAL_PURPOSE_OUTPUT, GPIO_OUTPUT_PUSH_PULL, GPIO_SPEED_50_MHZ
  52              		.loc 1 14 5
  53 0016 0323     		movs	r3, #3
  54 0018 0093     		str	r3, [sp]
  55 001a 0023     		movs	r3, #0
  56 001c 0022     		movs	r2, #0
  57 001e 0221     		movs	r1, #2
  58 0020 1248     		ldr	r0, .L3
  59 0022 FFF7FEFF 		bl	CMSIS_GPIO_init
  15:Core/Src/main.c ****     CMSIS_GPIO_init(GPIOA, 3, GPIO_GENERAL_PURPOSE_OUTPUT, GPIO_OUTPUT_PUSH_PULL, GPIO_SPEED_50_MHZ
  60              		.loc 1 15 5
  61 0026 0323     		movs	r3, #3
  62 0028 0093     		str	r3, [sp]
  63 002a 0023     		movs	r3, #0
  64 002c 0022     		movs	r2, #0
  65 002e 0321     		movs	r1, #3
  66 0030 0E48     		ldr	r0, .L3
  67 0032 FFF7FEFF 		bl	CMSIS_GPIO_init
  16:Core/Src/main.c ****     CMSIS_GPIO_init(GPIOA, 4, GPIO_GENERAL_PURPOSE_OUTPUT, GPIO_OUTPUT_PUSH_PULL, GPIO_SPEED_50_MHZ
  68              		.loc 1 16 5
  69 0036 0323     		movs	r3, #3
  70 0038 0093     		str	r3, [sp]
  71 003a 0023     		movs	r3, #0
  72 003c 0022     		movs	r2, #0
  73 003e 0421     		movs	r1, #4
  74 0040 0A48     		ldr	r0, .L3
  75 0042 FFF7FEFF 		bl	CMSIS_GPIO_init
  17:Core/Src/main.c ****     MonoGFX_Init();
  76              		.loc 1 17 5
  77 0046 FFF7FEFF 		bl	MonoGFX_Init
  18:Core/Src/main.c ****     MonoGFX_logo_demonstration();
  78              		.loc 1 18 5
  79 004a FFF7FEFF 		bl	MonoGFX_logo_demonstration
  19:Core/Src/main.c **** 
  20:Core/Src/main.c ****     sprintf(MonoGFX_tx_buffer, "Привет Мир!");
  80              		.loc 1 20 5
  81 004e 0849     		ldr	r1, .L3+4
  82 0050 0848     		ldr	r0, .L3+8
  83 0052 FFF7FEFF 		bl	sprintf
  21:Core/Src/main.c ****     MonoGFX_Decode_UTF8(0, 0, FONT_5X7, INVERSION_OFF, MonoGFX_tx_buffer);
  84              		.loc 1 21 5
  85 0056 074B     		ldr	r3, .L3+8
  86 0058 0093     		str	r3, [sp]
  87 005a 0023     		movs	r3, #0
  88 005c 0122     		movs	r2, #1
  89 005e 0021     		movs	r1, #0
  90 0060 0020     		movs	r0, #0
ARM GAS  C:\Users\Oleg\AppData\Local\Temp\ccNvsPlJ.s 			page 3


  91 0062 FFF7FEFF 		bl	MonoGFX_Decode_UTF8
  22:Core/Src/main.c ****     MonoGFX_Update();
  92              		.loc 1 22 5
  93 0066 FFF7FEFF 		bl	MonoGFX_Update
  94              	.L2:
  23:Core/Src/main.c ****     
  24:Core/Src/main.c **** 
  25:Core/Src/main.c ****     
  26:Core/Src/main.c ****     while (1) {
  95              		.loc 1 26 11 discriminator 1
  96 006a FEE7     		b	.L2
  97              	.L4:
  98              		.align	2
  99              	.L3:
 100 006c 00080140 		.word	1073809408
 101 0070 00000000 		.word	.LC0
 102 0074 00000000 		.word	MonoGFX_tx_buffer
 103              		.cfi_endproc
 104              	.LFE68:
 106              		.text
 107              	.Letext0:
 108              		.file 2 "c:\\dev_tools\\stm32_tools\\gnu-tools-for-stm32.12.3\\tools\\arm-none-eabi\\include\\mach
 109              		.file 3 "c:\\dev_tools\\stm32_tools\\gnu-tools-for-stm32.12.3\\tools\\arm-none-eabi\\include\\sys\
 110              		.file 4 "Drivers/CMSIS/stm32f103xb.h"
 111              		.file 5 "Core/Inc/stm32f103xx_CMSIS.h"
ARM GAS  C:\Users\Oleg\AppData\Local\Temp\ccNvsPlJ.s 			page 4


DEFINED SYMBOLS
                            *ABS*:00000000 main.c
C:\Users\Oleg\AppData\Local\Temp\ccNvsPlJ.s:18     .rodata:00000000 $d
C:\Users\Oleg\AppData\Local\Temp\ccNvsPlJ.s:23     .text.main:00000000 $t
C:\Users\Oleg\AppData\Local\Temp\ccNvsPlJ.s:29     .text.main:00000000 main
C:\Users\Oleg\AppData\Local\Temp\ccNvsPlJ.s:100    .text.main:0000006c $d
                           .group:00000000 wm4.0.57948b105342b2a9a91afe6dac72b4ef
                           .group:00000000 wm4.stm32f1xx.h.39.208bb8a61c892b7c37d899c49a031330
                           .group:00000000 wm4.stm32f103xb.h.38.ec967d5ad9d3269cb0788eebda048e38
                           .group:00000000 wm4._newlib_version.h.4.bfdf54b0af045d4a71376ae00f63a22c
                           .group:00000000 wm4.features.h.33.318b64d71e0957639cfb30f1db1f7ec8
                           .group:00000000 wm4._default_types.h.15.247e5cd201eca3442cbf5404108c4935
                           .group:00000000 wm4._intsup.h.10.48bafbb683905c4daa4565a85aeeb264
                           .group:00000000 wm4._stdint.h.10.c24fa3af3bc1706662bb5593a907e841
                           .group:00000000 wm4.stdint.h.23.d53047a68f4a85177f80b422d52785ed
                           .group:00000000 wm4.cmsis_version.h.32.4d5822004c01a829a975260e854b5f8e
                           .group:00000000 wm4.core_cm3.h.66.fc46cac19810db8f98d67da7ef88f42c
                           .group:00000000 wm4.cmsis_gcc.h.26.4f5798e999d5690b80e6ded3ecc94b37
                           .group:00000000 wm4.core_cm3.h.127.f4474120f1a7524deb56f9d74ff175da
                           .group:00000000 wm4.stm32f103xb.h.573.10249aa7473ca93be896fed94046a725
                           .group:00000000 wm4.stm32f1xx.h.162.96b09079a093c34dbd7f0b85cbd0ddee
                           .group:00000000 wm4.stdbool.h.29.07dce69c3b78884144b7f7bd19483461
                           .group:00000000 wm4.MonoGFX.h.20.54f6a8f65dee531201d2a689e1cac7e2
                           .group:00000000 wm4.newlib.h.8.4679f89e52c9f69cd44f3a27cd28c759
                           .group:00000000 wm4.ieeefp.h.77.25247dc27dbe3b23bfe98c2dc18f6ac5
                           .group:00000000 wm4.config.h.224.79362c3cdb280fe0b8d95bd0bc4d5c54
                           .group:00000000 wm4._ansi.h.31.de524f58584151836e90d8620a16f8e8
                           .group:00000000 wm4.stdio.h.31.7c0e28c411445f3f9c5b11accf882760
                           .group:00000000 wm4.stddef.h.181.c3f52a3b0f4c288bddb5dda1562858e2
                           .group:00000000 wm4.cdefs.h.49.39045112216f6a021dbdffe3bf5accce
                           .group:00000000 wm4.stddef.h.39.b727a6c3269d9d6ef9fc646b721a8287
                           .group:00000000 wm4.stdarg.h.34.3a23a216c0c293b3d2ea2e89281481e6
                           .group:00000000 wm4._types.h.20.dd0d04dca3800a0d2a6129b87f3adbb2
                           .group:00000000 wm4.stddef.h.155.3588ebfdd1e8c7ede80509bb9c3b8009
                           .group:00000000 wm4._types.h.127.34941de1b2539d59d5cac00e0dd27a45
                           .group:00000000 wm4.reent.h.17.e292bf8b0bec6c96e131a54347145a30
                           .group:00000000 wm4.lock.h.2.1461d1fff82dffe8bfddc23307f6484f
                           .group:00000000 wm4.reent.h.77.32fd7d280fc2a40b0797abce5beaf6e3
                           .group:00000000 wm4.assert.h.11.db24e541f16414db224bf986d21017e2
                           .group:00000000 wm4.reent.h.504.40d20ade344680fbcb6a0178bf7ae09e
                           .group:00000000 wm4.types.h.40.8b6acba56cefbb11746718204edc8f5e
                           .group:00000000 wm4._endian.h.31.65a10590763c3dde1ac4a7f66d7d4891
                           .group:00000000 wm4.endian.h.9.49f3a4695c1b61e8a0808de3c4a106cb
                           .group:00000000 wm4._timeval.h.32.bec3221fa7a9bb0bdde696c9c57e47d2
                           .group:00000000 wm4.timespec.h.41.d855182eb0e690443ab8651bcedca6e1
                           .group:00000000 wm4.select.h.19.40cd3f2bfc456b193b790c2754690ebf
                           .group:00000000 wm4.types.h.51.5571ec98f267d17d3c670b7a3ba33afa
                           .group:00000000 wm4.sched.h.22.c60982713a5c428609783c78f9c78d95
                           .group:00000000 wm4._pthreadtypes.h.36.fcee9961c35163dde6267ef772ad1972
                           .group:00000000 wm4.stdio.h.2.4aa87247282eca6c8f36f9de33d8df1a
                           .group:00000000 wm4.stdio.h.81.60a2ded7dae310b81f9d6907fe5e3dbf
                           .group:00000000 wm4.string.h.8.c4b8571ce60dff2817f43fec8b86aecd
                           .group:00000000 wm4.stddef.h.155.ba788add86a0e365f264484f110c3c29
                           .group:00000000 wm4.MonoGFX.h.45.2101721710e848ee48c8bb15d3a60b41

UNDEFINED SYMBOLS
CMSIS_Debug_init
ARM GAS  C:\Users\Oleg\AppData\Local\Temp\ccNvsPlJ.s 			page 5


CMSIS_RCC_SystemClock_72MHz
CMSIS_SysTick_Timer_init
CMSIS_SPI1_init
CMSIS_GPIO_init
MonoGFX_Init
MonoGFX_logo_demonstration
sprintf
MonoGFX_Decode_UTF8
MonoGFX_Update
MonoGFX_tx_buffer
